[0.021s] Invoking command in '/home/kevin/ros2_ws/src/jaredbot/build/jaredbot': CMAKE_PREFIX_PATH=/opt/ros/humble /usr/bin/cmake /home/kevin/ros2_ws/src/jaredbot -DAMENT_CMAKE_SYMLINK_INSTALL=1 -DCMAKE_INSTALL_PREFIX=/home/kevin/ros2_ws/src/jaredbot/install/jaredbot
[0.382s] -- The C compiler identification is GNU 11.4.0
[0.994s] -- The CXX compiler identification is GNU 11.4.0
[1.406s] -- Detecting C compiler ABI info
[1.617s] -- Detecting C compiler ABI info - done
[1.624s] -- Check for working C compiler: /usr/bin/cc - skipped
[1.627s] -- Detecting C compile features
[1.628s] -- Detecting C compile features - done
[1.634s] -- Detecting CXX compiler ABI info
[1.797s] -- Detecting CXX compiler ABI info - done
[1.804s] -- Check for working CXX compiler: /usr/bin/c++ - skipped
[1.805s] -- Detecting CXX compile features
[1.805s] -- Detecting CXX compile features - done
[1.827s] -- Found ament_cmake: 1.3.12 (/opt/ros/humble/share/ament_cmake/cmake)
[2.029s] -- Found Python3: /usr/bin/python3 (found version "3.10.12") found components: Interpreter 
[2.117s] -- Override CMake install command with custom implementation using symlinks instead of copying resources
[2.162s] -- Found ament_lint_auto: 0.12.14 (/opt/ros/humble/share/ament_lint_auto/cmake)
[2.259s] -- Added test 'copyright' to check source files copyright and LICENSE
[2.268s] -- Added test 'cppcheck' to perform static code analysis on C / C++ code
[2.268s] -- Configured cppcheck include dirs: 
[2.268s] -- Configured cppcheck exclude dirs and/or files: 
[2.274s] -- Added test 'cpplint' to check C / C++ code against the Google style
[2.274s] -- Configured cpplint exclude dirs and/or files: 
[2.275s] -- Added test 'flake8' to check Python code syntax and style conventions
[2.278s] -- Added test 'lint_cmake' to check CMake code style
[2.280s] -- Added test 'pep257' to check Python code against some of the docstring style conventions in PEP 257
[2.286s] -- Added test 'uncrustify' to check C / C++ code style
[2.286s] -- Configured uncrustify additional arguments: 
[2.288s] -- Added test 'xmllint' to check XML markup files
[2.291s] -- Configuring done
[2.297s] -- Generating done
[2.298s] -- Build files have been written to: /home/kevin/ros2_ws/src/jaredbot/build/jaredbot
[2.303s] Invoked command in '/home/kevin/ros2_ws/src/jaredbot/build/jaredbot' returned '0': CMAKE_PREFIX_PATH=/opt/ros/humble /usr/bin/cmake /home/kevin/ros2_ws/src/jaredbot -DAMENT_CMAKE_SYMLINK_INSTALL=1 -DCMAKE_INSTALL_PREFIX=/home/kevin/ros2_ws/src/jaredbot/install/jaredbot
[2.309s] Invoking command in '/home/kevin/ros2_ws/src/jaredbot/build/jaredbot': CMAKE_PREFIX_PATH=/opt/ros/humble /usr/bin/cmake --build /home/kevin/ros2_ws/src/jaredbot/build/jaredbot -- -j12 -l12
[2.348s] Invoked command in '/home/kevin/ros2_ws/src/jaredbot/build/jaredbot' returned '0': CMAKE_PREFIX_PATH=/opt/ros/humble /usr/bin/cmake --build /home/kevin/ros2_ws/src/jaredbot/build/jaredbot -- -j12 -l12
[2.360s] Invoking command in '/home/kevin/ros2_ws/src/jaredbot/build/jaredbot': CMAKE_PREFIX_PATH=/opt/ros/humble /usr/bin/cmake --install /home/kevin/ros2_ws/src/jaredbot/build/jaredbot
[2.367s] -- Install configuration: ""
[2.367s] -- Execute custom install script
[2.368s] -- Symlinking: /home/kevin/ros2_ws/src/jaredbot/install/jaredbot/share/jaredbot/config/empty.yaml
[2.378s] -- Symlinking: /home/kevin/ros2_ws/src/jaredbot/install/jaredbot/share/jaredbot/description/intertial_macros.xacro
[2.387s] -- Symlinking: /home/kevin/ros2_ws/src/jaredbot/install/jaredbot/share/jaredbot/description/robot.urdf.xacro
[2.396s] -- Symlinking: /home/kevin/ros2_ws/src/jaredbot/install/jaredbot/share/jaredbot/description/robot_core.xacro
[2.405s] -- Symlinking: /home/kevin/ros2_ws/src/jaredbot/install/jaredbot/share/jaredbot/launch/rsp.launch.py
[2.414s] -- Symlinking: /home/kevin/ros2_ws/src/jaredbot/install/jaredbot/share/jaredbot/worlds/empty.world
[2.425s] -- Symlinking: /home/kevin/ros2_ws/src/jaredbot/install/jaredbot/share/ament_index/resource_index/package_run_dependencies/jaredbot
[2.435s] -- Symlinking: /home/kevin/ros2_ws/src/jaredbot/install/jaredbot/share/ament_index/resource_index/parent_prefix_path/jaredbot
[2.445s] -- Symlinking: /home/kevin/ros2_ws/src/jaredbot/install/jaredbot/share/jaredbot/environment/ament_prefix_path.sh
[2.453s] -- Symlinking: /home/kevin/ros2_ws/src/jaredbot/install/jaredbot/share/jaredbot/environment/ament_prefix_path.dsv
[2.462s] -- Symlinking: /home/kevin/ros2_ws/src/jaredbot/install/jaredbot/share/jaredbot/environment/path.sh
[2.471s] -- Symlinking: /home/kevin/ros2_ws/src/jaredbot/install/jaredbot/share/jaredbot/environment/path.dsv
[2.480s] -- Symlinking: /home/kevin/ros2_ws/src/jaredbot/install/jaredbot/share/jaredbot/local_setup.bash
[2.489s] -- Symlinking: /home/kevin/ros2_ws/src/jaredbot/install/jaredbot/share/jaredbot/local_setup.sh
[2.499s] -- Symlinking: /home/kevin/ros2_ws/src/jaredbot/install/jaredbot/share/jaredbot/local_setup.zsh
[2.507s] -- Symlinking: /home/kevin/ros2_ws/src/jaredbot/install/jaredbot/share/jaredbot/local_setup.dsv
[2.516s] -- Symlinking: /home/kevin/ros2_ws/src/jaredbot/install/jaredbot/share/jaredbot/package.dsv
[2.525s] -- Symlinking: /home/kevin/ros2_ws/src/jaredbot/install/jaredbot/share/ament_index/resource_index/packages/jaredbot
[2.534s] -- Symlinking: /home/kevin/ros2_ws/src/jaredbot/install/jaredbot/share/jaredbot/cmake/jaredbotConfig.cmake
[2.543s] -- Symlinking: /home/kevin/ros2_ws/src/jaredbot/install/jaredbot/share/jaredbot/cmake/jaredbotConfig-version.cmake
[2.552s] -- Symlinking: /home/kevin/ros2_ws/src/jaredbot/install/jaredbot/share/jaredbot/package.xml
[2.563s] Invoked command in '/home/kevin/ros2_ws/src/jaredbot/build/jaredbot' returned '0': CMAKE_PREFIX_PATH=/opt/ros/humble /usr/bin/cmake --install /home/kevin/ros2_ws/src/jaredbot/build/jaredbot
