[0.462s] DEBUG:colcon:Command line arguments: ['/usr/bin/colcon', 'build', '--symlink-install']
[0.462s] DEBUG:colcon:Parsed command line arguments: Namespace(log_base=None, log_level=None, verb_name='build', build_base='build', install_base='install', merge_install=False, symlink_install=True, test_result_base=None, continue_on_error=False, executor='parallel', parallel_workers=12, event_handlers=None, ignore_user_meta=False, metas=['./colcon.meta'], base_paths=['.'], packages_ignore=None, packages_ignore_regex=None, paths=None, packages_up_to=None, packages_up_to_regex=None, packages_above=None, packages_above_and_dependencies=None, packages_above_depth=None, packages_select_by_dep=None, packages_skip_by_dep=None, packages_skip_up_to=None, packages_select_build_failed=False, packages_skip_build_finished=False, packages_select_test_failures=False, packages_skip_test_passed=False, packages_select=None, packages_skip=None, packages_select_regex=None, packages_skip_regex=None, packages_start=None, packages_end=None, allow_overriding=[], cmake_args=None, cmake_target=None, cmake_target_skip_unavailable=False, cmake_clean_cache=False, cmake_clean_first=False, cmake_force_configure=False, ament_cmake_args=None, catkin_cmake_args=None, catkin_skip_building_tests=False, verb_parser=<colcon_defaults.argument_parser.defaults.DefaultArgumentsDecorator object at 0x78d815d585e0>, verb_extension=<colcon_core.verb.build.BuildVerb object at 0x78d815e599f0>, main=<bound method BuildVerb.main of <colcon_core.verb.build.BuildVerb object at 0x78d815e599f0>>)
[0.931s] Level 1:colcon.colcon_core.package_discovery:discover_packages(colcon_meta) check parameters
[0.931s] Level 1:colcon.colcon_core.package_discovery:discover_packages(recursive) check parameters
[0.932s] Level 1:colcon.colcon_core.package_discovery:discover_packages(ignore) check parameters
[0.932s] Level 1:colcon.colcon_core.package_discovery:discover_packages(path) check parameters
[0.932s] Level 1:colcon.colcon_core.package_discovery:discover_packages(colcon_meta) discover
[0.932s] Level 1:colcon.colcon_core.package_discovery:discover_packages(recursive) discover
[0.932s] INFO:colcon.colcon_core.package_discovery:Crawling recursively for packages in '/home/kevin/ros2_ws/src/jaredbot'
[0.932s] Level 1:colcon.colcon_core.package_identification:_identify(.) by extensions ['ignore', 'ignore_ament_install']
[0.932s] Level 1:colcon.colcon_core.package_identification:_identify(.) by extension 'ignore'
[0.932s] Level 1:colcon.colcon_core.package_identification:_identify(.) by extension 'ignore_ament_install'
[0.932s] Level 1:colcon.colcon_core.package_identification:_identify(.) by extensions ['colcon_pkg']
[0.932s] Level 1:colcon.colcon_core.package_identification:_identify(.) by extension 'colcon_pkg'
[0.932s] Level 1:colcon.colcon_core.package_identification:_identify(.) by extensions ['colcon_meta']
[0.932s] Level 1:colcon.colcon_core.package_identification:_identify(.) by extension 'colcon_meta'
[0.932s] Level 1:colcon.colcon_core.package_identification:_identify(.) by extensions ['ros']
[0.932s] Level 1:colcon.colcon_core.package_identification:_identify(.) by extension 'ros'
[0.954s] DEBUG:colcon.colcon_core.package_identification:Package '.' with type 'ros.ament_cmake' and name 'jaredbot'
[0.954s] Level 1:colcon.colcon_core.package_discovery:discover_packages(recursive) using defaults
[0.954s] Level 1:colcon.colcon_core.package_discovery:discover_packages(ignore) discover
[0.954s] Level 1:colcon.colcon_core.package_discovery:discover_packages(ignore) using defaults
[0.954s] Level 1:colcon.colcon_core.package_discovery:discover_packages(path) discover
[0.954s] Level 1:colcon.colcon_core.package_discovery:discover_packages(path) using defaults
[1.005s] Level 1:colcon.colcon_core.package_discovery:discover_packages(prefix_path) check parameters
[1.005s] Level 1:colcon.colcon_core.package_discovery:discover_packages(prefix_path) discover
[1.020s] DEBUG:colcon.colcon_installed_package_information.package_discovery:Found 402 installed packages in /opt/ros/humble
[1.023s] Level 1:colcon.colcon_core.package_discovery:discover_packages(prefix_path) using defaults
[11.284s] Level 5:colcon.colcon_core.verb:set package 'jaredbot' build argument 'cmake_args' from command line to 'None'
[11.284s] Level 5:colcon.colcon_core.verb:set package 'jaredbot' build argument 'cmake_target' from command line to 'None'
[11.284s] Level 5:colcon.colcon_core.verb:set package 'jaredbot' build argument 'cmake_target_skip_unavailable' from command line to 'False'
[11.285s] Level 5:colcon.colcon_core.verb:set package 'jaredbot' build argument 'cmake_clean_cache' from command line to 'False'
[11.285s] Level 5:colcon.colcon_core.verb:set package 'jaredbot' build argument 'cmake_clean_first' from command line to 'False'
[11.285s] Level 5:colcon.colcon_core.verb:set package 'jaredbot' build argument 'cmake_force_configure' from command line to 'False'
[11.285s] Level 5:colcon.colcon_core.verb:set package 'jaredbot' build argument 'ament_cmake_args' from command line to 'None'
[11.285s] Level 5:colcon.colcon_core.verb:set package 'jaredbot' build argument 'catkin_cmake_args' from command line to 'None'
[11.285s] Level 5:colcon.colcon_core.verb:set package 'jaredbot' build argument 'catkin_skip_building_tests' from command line to 'False'
[11.285s] DEBUG:colcon.colcon_core.verb:Building package 'jaredbot' with the following arguments: {'ament_cmake_args': None, 'build_base': '/home/kevin/ros2_ws/src/jaredbot/build/jaredbot', 'catkin_cmake_args': None, 'catkin_skip_building_tests': False, 'cmake_args': None, 'cmake_clean_cache': False, 'cmake_clean_first': False, 'cmake_force_configure': False, 'cmake_target': None, 'cmake_target_skip_unavailable': False, 'install_base': '/home/kevin/ros2_ws/src/jaredbot/install/jaredbot', 'merge_install': False, 'path': '/home/kevin/ros2_ws/src/jaredbot', 'symlink_install': True, 'test_result_base': None}
[11.285s] INFO:colcon.colcon_core.executor:Executing jobs using 'parallel' executor
[11.287s] DEBUG:colcon.colcon_parallel_executor.executor.parallel:run_until_complete
[11.287s] INFO:colcon.colcon_ros.task.ament_cmake.build:Building ROS package in '/home/kevin/ros2_ws/src/jaredbot' with build type 'ament_cmake'
[11.287s] INFO:colcon.colcon_cmake.task.cmake.build:Building CMake package in '/home/kevin/ros2_ws/src/jaredbot'
[11.297s] INFO:colcon.colcon_core.plugin_system:Skipping extension 'colcon_core.shell.bat': Not used on non-Windows systems
[11.298s] INFO:colcon.colcon_core.shell:Skip shell extension 'powershell' for command environment: Not usable outside of PowerShell
[11.298s] DEBUG:colcon.colcon_core.shell:Skip shell extension 'dsv' for command environment
[11.309s] DEBUG:colcon.colcon_core.event_handler.log_command:Invoking command in '/home/kevin/ros2_ws/src/jaredbot/build/jaredbot': CMAKE_PREFIX_PATH=/opt/ros/humble /usr/bin/cmake /home/kevin/ros2_ws/src/jaredbot -DAMENT_CMAKE_SYMLINK_INSTALL=1 -DCMAKE_INSTALL_PREFIX=/home/kevin/ros2_ws/src/jaredbot/install/jaredbot
[2.978s] DEBUG:colcon.colcon_core.event_handler.log_command:Invoked command in '/home/kevin/ros2_ws/src/jaredbot/build/jaredbot' returned '0': CMAKE_PREFIX_PATH=/opt/ros/humble /usr/bin/cmake /home/kevin/ros2_ws/src/jaredbot -DAMENT_CMAKE_SYMLINK_INSTALL=1 -DCMAKE_INSTALL_PREFIX=/home/kevin/ros2_ws/src/jaredbot/install/jaredbot
[2.984s] DEBUG:colcon.colcon_core.event_handler.log_command:Invoking command in '/home/kevin/ros2_ws/src/jaredbot/build/jaredbot': CMAKE_PREFIX_PATH=/opt/ros/humble /usr/bin/cmake --build /home/kevin/ros2_ws/src/jaredbot/build/jaredbot -- -j12 -l12
[3.023s] DEBUG:colcon.colcon_core.event_handler.log_command:Invoked command in '/home/kevin/ros2_ws/src/jaredbot/build/jaredbot' returned '0': CMAKE_PREFIX_PATH=/opt/ros/humble /usr/bin/cmake --build /home/kevin/ros2_ws/src/jaredbot/build/jaredbot -- -j12 -l12
[3.034s] DEBUG:colcon.colcon_core.event_handler.log_command:Invoking command in '/home/kevin/ros2_ws/src/jaredbot/build/jaredbot': CMAKE_PREFIX_PATH=/opt/ros/humble /usr/bin/cmake --install /home/kevin/ros2_ws/src/jaredbot/build/jaredbot
[3.236s] Level 1:colcon.colcon_core.environment:create_environment_scripts_only(jaredbot)
[3.238s] DEBUG:colcon.colcon_core.event_handler.log_command:Invoked command in '/home/kevin/ros2_ws/src/jaredbot/build/jaredbot' returned '0': CMAKE_PREFIX_PATH=/opt/ros/humble /usr/bin/cmake --install /home/kevin/ros2_ws/src/jaredbot/build/jaredbot
[3.245s] Level 1:colcon.colcon_core.environment:checking '/home/kevin/ros2_ws/src/jaredbot/install/jaredbot' for CMake module files
[3.245s] Level 1:colcon.colcon_core.environment:checking '/home/kevin/ros2_ws/src/jaredbot/install/jaredbot' for CMake config files
[3.246s] Level 1:colcon.colcon_core.shell:create_environment_hook('jaredbot', 'cmake_prefix_path')
[3.246s] INFO:colcon.colcon_core.shell:Creating environment hook '/home/kevin/ros2_ws/src/jaredbot/install/jaredbot/share/jaredbot/hook/cmake_prefix_path.ps1'
[3.247s] INFO:colcon.colcon_core.shell:Creating environment descriptor '/home/kevin/ros2_ws/src/jaredbot/install/jaredbot/share/jaredbot/hook/cmake_prefix_path.dsv'
[3.248s] INFO:colcon.colcon_core.shell:Creating environment hook '/home/kevin/ros2_ws/src/jaredbot/install/jaredbot/share/jaredbot/hook/cmake_prefix_path.sh'
[3.249s] Level 1:colcon.colcon_core.environment:checking '/home/kevin/ros2_ws/src/jaredbot/install/jaredbot/bin'
[3.249s] Level 1:colcon.colcon_core.environment:checking '/home/kevin/ros2_ws/src/jaredbot/install/jaredbot/lib/pkgconfig/jaredbot.pc'
[3.249s] Level 1:colcon.colcon_core.environment:checking '/home/kevin/ros2_ws/src/jaredbot/install/jaredbot/lib/python3.10/site-packages'
[3.249s] Level 1:colcon.colcon_core.environment:checking '/home/kevin/ros2_ws/src/jaredbot/install/jaredbot/bin'
[3.250s] INFO:colcon.colcon_core.shell:Creating package script '/home/kevin/ros2_ws/src/jaredbot/install/jaredbot/share/jaredbot/package.ps1'
[3.251s] INFO:colcon.colcon_core.shell:Creating package descriptor '/home/kevin/ros2_ws/src/jaredbot/install/jaredbot/share/jaredbot/package.dsv'
[3.252s] INFO:colcon.colcon_core.shell:Creating package script '/home/kevin/ros2_ws/src/jaredbot/install/jaredbot/share/jaredbot/package.sh'
[3.252s] INFO:colcon.colcon_core.shell:Creating package script '/home/kevin/ros2_ws/src/jaredbot/install/jaredbot/share/jaredbot/package.bash'
[3.253s] INFO:colcon.colcon_core.shell:Creating package script '/home/kevin/ros2_ws/src/jaredbot/install/jaredbot/share/jaredbot/package.zsh'
[3.254s] Level 1:colcon.colcon_core.environment:create_file_with_runtime_dependencies(/home/kevin/ros2_ws/src/jaredbot/install/jaredbot/share/colcon-core/packages/jaredbot)
[3.255s] Level 1:colcon.colcon_core.environment:create_environment_scripts_only(jaredbot)
[3.255s] Level 1:colcon.colcon_core.environment:checking '/home/kevin/ros2_ws/src/jaredbot/install/jaredbot' for CMake module files
[3.256s] Level 1:colcon.colcon_core.environment:checking '/home/kevin/ros2_ws/src/jaredbot/install/jaredbot' for CMake config files
[3.256s] Level 1:colcon.colcon_core.shell:create_environment_hook('jaredbot', 'cmake_prefix_path')
[3.256s] INFO:colcon.colcon_core.shell:Creating environment hook '/home/kevin/ros2_ws/src/jaredbot/install/jaredbot/share/jaredbot/hook/cmake_prefix_path.ps1'
[3.257s] INFO:colcon.colcon_core.shell:Creating environment descriptor '/home/kevin/ros2_ws/src/jaredbot/install/jaredbot/share/jaredbot/hook/cmake_prefix_path.dsv'
[3.257s] INFO:colcon.colcon_core.shell:Creating environment hook '/home/kevin/ros2_ws/src/jaredbot/install/jaredbot/share/jaredbot/hook/cmake_prefix_path.sh'
[3.258s] Level 1:colcon.colcon_core.environment:checking '/home/kevin/ros2_ws/src/jaredbot/install/jaredbot/bin'
[3.258s] Level 1:colcon.colcon_core.environment:checking '/home/kevin/ros2_ws/src/jaredbot/install/jaredbot/lib/pkgconfig/jaredbot.pc'
[3.258s] Level 1:colcon.colcon_core.environment:checking '/home/kevin/ros2_ws/src/jaredbot/install/jaredbot/lib/python3.10/site-packages'
[3.258s] Level 1:colcon.colcon_core.environment:checking '/home/kevin/ros2_ws/src/jaredbot/install/jaredbot/bin'
[3.258s] INFO:colcon.colcon_core.shell:Creating package script '/home/kevin/ros2_ws/src/jaredbot/install/jaredbot/share/jaredbot/package.ps1'
[3.259s] INFO:colcon.colcon_core.shell:Creating package descriptor '/home/kevin/ros2_ws/src/jaredbot/install/jaredbot/share/jaredbot/package.dsv'
[3.259s] INFO:colcon.colcon_core.shell:Creating package script '/home/kevin/ros2_ws/src/jaredbot/install/jaredbot/share/jaredbot/package.sh'
[3.260s] INFO:colcon.colcon_core.shell:Creating package script '/home/kevin/ros2_ws/src/jaredbot/install/jaredbot/share/jaredbot/package.bash'
[3.260s] INFO:colcon.colcon_core.shell:Creating package script '/home/kevin/ros2_ws/src/jaredbot/install/jaredbot/share/jaredbot/package.zsh'
[3.260s] Level 1:colcon.colcon_core.environment:create_file_with_runtime_dependencies(/home/kevin/ros2_ws/src/jaredbot/install/jaredbot/share/colcon-core/packages/jaredbot)
[3.261s] DEBUG:colcon.colcon_parallel_executor.executor.parallel:closing loop
[3.261s] DEBUG:colcon.colcon_parallel_executor.executor.parallel:loop closed
[3.262s] DEBUG:colcon.colcon_parallel_executor.executor.parallel:run_until_complete finished with '0'
[3.262s] DEBUG:colcon.colcon_core.event_reactor:joining thread
[3.274s] INFO:colcon.colcon_core.plugin_system:Skipping extension 'colcon_notification.desktop_notification.terminal_notifier': Not used on non-Darwin systems
[3.274s] INFO:colcon.colcon_core.plugin_system:Skipping extension 'colcon_notification.desktop_notification.win32': Not used on non-Windows systems
[3.274s] INFO:colcon.colcon_notification.desktop_notification:Sending desktop notification using 'notify2'
[3.275s] DEBUG:colcon.colcon_notification.desktop_notification.notify2:Failed to initialize notify2: org.freedesktop.DBus.Error.FileNotFound: Failed to connect to socket /run/user/1000/bus: No such file or directory
[3.275s] DEBUG:colcon.colcon_core.event_reactor:joined thread
[3.275s] INFO:colcon.colcon_core.shell:Creating prefix script '/home/kevin/ros2_ws/src/jaredbot/install/local_setup.ps1'
[3.277s] INFO:colcon.colcon_core.shell:Creating prefix util module '/home/kevin/ros2_ws/src/jaredbot/install/_local_setup_util_ps1.py'
[3.278s] INFO:colcon.colcon_core.shell:Creating prefix chain script '/home/kevin/ros2_ws/src/jaredbot/install/setup.ps1'
[3.280s] INFO:colcon.colcon_core.shell:Creating prefix script '/home/kevin/ros2_ws/src/jaredbot/install/local_setup.sh'
[3.281s] INFO:colcon.colcon_core.shell:Creating prefix util module '/home/kevin/ros2_ws/src/jaredbot/install/_local_setup_util_sh.py'
[3.281s] INFO:colcon.colcon_core.shell:Creating prefix chain script '/home/kevin/ros2_ws/src/jaredbot/install/setup.sh'
[3.284s] INFO:colcon.colcon_core.shell:Creating prefix script '/home/kevin/ros2_ws/src/jaredbot/install/local_setup.bash'
[3.286s] INFO:colcon.colcon_core.shell:Creating prefix chain script '/home/kevin/ros2_ws/src/jaredbot/install/setup.bash'
[3.287s] INFO:colcon.colcon_core.shell:Creating prefix script '/home/kevin/ros2_ws/src/jaredbot/install/local_setup.zsh'
[3.288s] INFO:colcon.colcon_core.shell:Creating prefix chain script '/home/kevin/ros2_ws/src/jaredbot/install/setup.zsh'
