[0.021s] Invoking command in '/home/kevin/ros2_ws/src/jaredbot/build/jaredbot': CMAKE_PREFIX_PATH=${CMAKE_PREFIX_PATH}:/opt/ros/humble /usr/bin/cmake --build /home/kevin/ros2_ws/src/jaredbot/build/jaredbot -- -j12 -l12
[0.110s] Invoked command in '/home/kevin/ros2_ws/src/jaredbot/build/jaredbot' returned '0': CMAKE_PREFIX_PATH=${CMAKE_PREFIX_PATH}:/opt/ros/humble /usr/bin/cmake --build /home/kevin/ros2_ws/src/jaredbot/build/jaredbot -- -j12 -l12
[0.122s] Invoking command in '/home/kevin/ros2_ws/src/jaredbot/build/jaredbot': CMAKE_PREFIX_PATH=${CMAKE_PREFIX_PATH}:/opt/ros/humble /usr/bin/cmake --install /home/kevin/ros2_ws/src/jaredbot/build/jaredbot
[0.131s] -- Install configuration: ""
[0.134s] -- Execute custom install script
[0.134s] -- Up-to-date symlink: /home/kevin/ros2_ws/src/jaredbot/install/jaredbot/share/jaredbot/config/empty.yaml
[0.135s] -- Symlinking: /home/kevin/ros2_ws/src/jaredbot/install/jaredbot/share/jaredbot/description/inertial_macros.xacro
[0.144s] -- Up-to-date symlink: /home/kevin/ros2_ws/src/jaredbot/install/jaredbot/share/jaredbot/description/robot.urdf.xacro
[0.145s] -- Up-to-date symlink: /home/kevin/ros2_ws/src/jaredbot/install/jaredbot/share/jaredbot/description/robot_core.xacro
[0.145s] -- Up-to-date symlink: /home/kevin/ros2_ws/src/jaredbot/install/jaredbot/share/jaredbot/launch/rsp.launch.py
[0.145s] -- Up-to-date symlink: /home/kevin/ros2_ws/src/jaredbot/install/jaredbot/share/jaredbot/worlds/empty.world
[0.145s] -- Up-to-date symlink: /home/kevin/ros2_ws/src/jaredbot/install/jaredbot/share/ament_index/resource_index/package_run_dependencies/jaredbot
[0.146s] -- Up-to-date symlink: /home/kevin/ros2_ws/src/jaredbot/install/jaredbot/share/ament_index/resource_index/parent_prefix_path/jaredbot
[0.147s] -- Up-to-date symlink: /home/kevin/ros2_ws/src/jaredbot/install/jaredbot/share/jaredbot/environment/ament_prefix_path.sh
[0.147s] -- Up-to-date symlink: /home/kevin/ros2_ws/src/jaredbot/install/jaredbot/share/jaredbot/environment/ament_prefix_path.dsv
[0.148s] -- Up-to-date symlink: /home/kevin/ros2_ws/src/jaredbot/install/jaredbot/share/jaredbot/environment/path.sh
[0.148s] -- Up-to-date symlink: /home/kevin/ros2_ws/src/jaredbot/install/jaredbot/share/jaredbot/environment/path.dsv
[0.148s] -- Up-to-date symlink: /home/kevin/ros2_ws/src/jaredbot/install/jaredbot/share/jaredbot/local_setup.bash
[0.148s] -- Up-to-date symlink: /home/kevin/ros2_ws/src/jaredbot/install/jaredbot/share/jaredbot/local_setup.sh
[0.148s] -- Up-to-date symlink: /home/kevin/ros2_ws/src/jaredbot/install/jaredbot/share/jaredbot/local_setup.zsh
[0.148s] -- Up-to-date symlink: /home/kevin/ros2_ws/src/jaredbot/install/jaredbot/share/jaredbot/local_setup.dsv
[0.148s] -- Symlinking: /home/kevin/ros2_ws/src/jaredbot/install/jaredbot/share/jaredbot/package.dsv
[0.157s] -- Up-to-date symlink: /home/kevin/ros2_ws/src/jaredbot/install/jaredbot/share/ament_index/resource_index/packages/jaredbot
[0.158s] -- Up-to-date symlink: /home/kevin/ros2_ws/src/jaredbot/install/jaredbot/share/jaredbot/cmake/jaredbotConfig.cmake
[0.158s] -- Up-to-date symlink: /home/kevin/ros2_ws/src/jaredbot/install/jaredbot/share/jaredbot/cmake/jaredbotConfig-version.cmake
[0.159s] -- Up-to-date symlink: /home/kevin/ros2_ws/src/jaredbot/install/jaredbot/share/jaredbot/package.xml
[0.162s] Invoked command in '/home/kevin/ros2_ws/src/jaredbot/build/jaredbot' returned '0': CMAKE_PREFIX_PATH=${CMAKE_PREFIX_PATH}:/opt/ros/humble /usr/bin/cmake --install /home/kevin/ros2_ws/src/jaredbot/build/jaredbot
